Traceback (most recent call last):
  File "/Users/farhad/anaconda3/envs/MLMethods/lib/python3.11/site-packages/jupyter_core/utils/__init__.py", line 154, in wrapped
    asyncio.get_running_loop()
RuntimeError: no running event loop

During handling of the above exception, another exception occurred:

Traceback (most recent call last):
  File "/Users/farhad/anaconda3/envs/MLMethods/lib/python3.11/site-packages/jupyter_cache/executors/utils.py", line 58, in single_nb_execution
    executenb(
  File "/Users/farhad/anaconda3/envs/MLMethods/lib/python3.11/site-packages/nbclient/client.py", line 1319, in execute
    return NotebookClient(nb=nb, resources=resources, km=km, **kwargs).execute()
           ^^^^^^^^^^^^^^^^^^^^^^^^^^^^^^^^^^^^^^^^^^^^^^^^^^^^^^^^^^^^^^^^^^^^^
  File "/Users/farhad/anaconda3/envs/MLMethods/lib/python3.11/site-packages/jupyter_core/utils/__init__.py", line 158, in wrapped
    return loop.run_until_complete(inner)
           ^^^^^^^^^^^^^^^^^^^^^^^^^^^^^^
  File "/Users/farhad/anaconda3/envs/MLMethods/lib/python3.11/asyncio/base_events.py", line 654, in run_until_complete
    return future.result()
           ^^^^^^^^^^^^^^^
  File "/Users/farhad/anaconda3/envs/MLMethods/lib/python3.11/site-packages/nbclient/client.py", line 709, in async_execute
    await self.async_execute_cell(
  File "/Users/farhad/anaconda3/envs/MLMethods/lib/python3.11/site-packages/nbclient/client.py", line 1062, in async_execute_cell
    await self._check_raise_for_error(cell, cell_index, exec_reply)
  File "/Users/farhad/anaconda3/envs/MLMethods/lib/python3.11/site-packages/nbclient/client.py", line 918, in _check_raise_for_error
    raise CellExecutionError.from_cell_and_msg(cell, exec_reply_content)
nbclient.exceptions.CellExecutionError: An error occurred while executing the following cell:
------------------
import tensorflow as tf

# Define the function f(u, v)
def f(u, v):
    return 3 * u + 5 * v

# Define values for x and y
x = tf.constant(2.0)
y = tf.constant(3.0)

# Use tf.GradientTape to compute gradients
with tf.GradientTape(persistent=True) as tape:
    # Watch the variables we want to compute gradients with respect to
    tape.watch(x)
    tape.watch(y)
    
    # Define u and v as functions of x and y
    u = 2 * x
    v = x + y

    # Define f as a function of u and v
    result = f(u, v)

# Compute the gradients
df_dx = tape.gradient(result, x)
df_dy = tape.gradient(result, y)


# Print the gradients
print("df/dx:", df_dx.numpy())
print("df/dy:", df_dy.numpy())

------------------


[31m---------------------------------------------------------------------------[39m
[31mModuleNotFoundError[39m                       Traceback (most recent call last)
[36mCell[39m[36m [39m[32mIn[1][39m[32m, line 1[39m
[32m----> [39m[32m1[39m [38;5;28;01mimport[39;00m[38;5;250m [39m[34;01mtensorflow[39;00m[38;5;250m [39m[38;5;28;01mas[39;00m[38;5;250m [39m[34;01mtf[39;00m
[32m      3[39m [38;5;66;03m# Define the function f(u, v)[39;00m
[32m      4[39m [38;5;28;01mdef[39;00m[38;5;250m [39m[34mf[39m(u, v):

[31mModuleNotFoundError[39m: No module named 'tensorflow'

